<?xml version="1.0" encoding="UTF-8"?>
<testsuite xmlns:xsi="http://www.w3.org/2001/XMLSchema-instance" xsi:noNamespaceSchemaLocation="https://maven.apache.org/surefire/maven-surefire-plugin/xsd/surefire-test-report.xsd" version="3.0.2" name="com.scoreshelf.scorestore.ScoreStoreApplicationTests" time="4.003" tests="1" errors="0" skipped="0" failures="0">
  <properties>
[...]
</properties>
  <testcase name="contextLoads" classname="com.scoreshelf.scorestore.ScoreStoreApplicationTests" time="0.327">
    <system-out><![CDATA[18:41:47.741 [main] INFO org.springframework.test.context.support.AnnotationConfigContextLoaderUtils -- Could not detect default configuration classes for test class [com.scoreshelf.scorestore.ScoreStoreApplicationTests]: ScoreStoreApplicationTests does not declare any static, non-private, non-final, nested classes annotated with @Configuration.
18:41:47.795 [main] INFO org.springframework.boot.test.context.SpringBootTestContextBootstrapper -- Found @SpringBootConfiguration com.scoreshelf.scorestore.ScoreStoreApplication for test class com.scoreshelf.scorestore.ScoreStoreApplicationTests

  .   ____          _            __ _ _
 /\\ / ___'_ __ _ _(_)_ __  __ _ \ \ \ \
( ( )\___ | '_ | '_| | '_ \/ _` | \ \ \ \
 \\/  ___)| |_)| | | | | || (_| |  ) ) ) )
  '  |____| .__|_| |_|_| |_\__, | / / / /
 =========|_|==============|___/=/_/_/_/

 :: Spring Boot ::                (v3.4.1)

2025-10-30T18:41:48.015+08:00  INFO 38897 --- [scorestore] [           main] c.s.s.ScoreStoreApplicationTests         : Starting ScoreStoreApplicationTests using Java 23.0.1 with PID 38897 (started by wanamaer in /Users/wanamaer/Desktop/ScoreShelf/scorestore)
2025-10-30T18:41:48.017+08:00  INFO 38897 --- [scorestore] [           main] c.s.s.ScoreStoreApplicationTests         : No active profile set, falling back to 1 default profile: "default"
2025-10-30T18:41:48.497+08:00  INFO 38897 --- [scorestore] [           main] .s.d.r.c.RepositoryConfigurationDelegate : Multiple Spring Data modules found, entering strict repository configuration mode
2025-10-30T18:41:48.498+08:00  INFO 38897 --- [scorestore] [           main] .s.d.r.c.RepositoryConfigurationDelegate : Bootstrapping Spring Data JDBC repositories in DEFAULT mode.
2025-10-30T18:41:48.514+08:00  INFO 38897 --- [scorestore] [           main] .RepositoryConfigurationExtensionSupport : Spring Data JDBC - Could not safely identify store assignment for repository candidate interface com.scoreshelf.scorestore.base.repository.CartRepository; If you want this repository to be a JDBC repository, consider annotating your entities with one of these annotations: org.springframework.data.relational.core.mapping.Table.
2025-10-30T18:41:48.515+08:00  INFO 38897 --- [scorestore] [           main] .RepositoryConfigurationExtensionSupport : Spring Data JDBC - Could not safely identify store assignment for repository candidate interface com.scoreshelf.scorestore.base.repository.FeedbackRepository; If you want this repository to be a JDBC repository, consider annotating your entities with one of these annotations: org.springframework.data.relational.core.mapping.Table.
2025-10-30T18:41:48.515+08:00  INFO 38897 --- [scorestore] [           main] .RepositoryConfigurationExtensionSupport : Spring Data JDBC - Could not safely identify store assignment for repository candidate interface com.scoreshelf.scorestore.base.repository.MusicScoreRepository; If you want this repository to be a JDBC repository, consider annotating your entities with one of these annotations: org.springframework.data.relational.core.mapping.Table.
2025-10-30T18:41:48.516+08:00  INFO 38897 --- [scorestore] [           main] .RepositoryConfigurationExtensionSupport : Spring Data JDBC - Could not safely identify store assignment for repository candidate interface com.scoreshelf.scorestore.base.repository.UserRepository; If you want this repository to be a JDBC repository, consider annotating your entities with one of these annotations: org.springframework.data.relational.core.mapping.Table.
2025-10-30T18:41:48.516+08:00  INFO 38897 --- [scorestore] [           main] .s.d.r.c.RepositoryConfigurationDelegate : Finished Spring Data repository scanning in 14 ms. Found 0 JDBC repository interfaces.
2025-10-30T18:41:48.522+08:00  INFO 38897 --- [scorestore] [           main] .s.d.r.c.RepositoryConfigurationDelegate : Multiple Spring Data modules found, entering strict repository configuration mode
2025-10-30T18:41:48.523+08:00  INFO 38897 --- [scorestore] [           main] .s.d.r.c.RepositoryConfigurationDelegate : Bootstrapping Spring Data JPA repositories in DEFAULT mode.
2025-10-30T18:41:48.543+08:00  INFO 38897 --- [scorestore] [           main] .s.d.r.c.RepositoryConfigurationDelegate : Finished Spring Data repository scanning in 17 ms. Found 4 JPA repository interfaces.
2025-10-30T18:41:48.728+08:00  WARN 38897 --- [scorestore] [           main] trationDelegate$BeanPostProcessorChecker : Bean 'org.springframework.ws.config.annotation.DelegatingWsConfiguration' of type [org.springframework.ws.config.annotation.DelegatingWsConfiguration$$SpringCGLIB$$0] is not eligible for getting processed by all BeanPostProcessors (for example: not eligible for auto-proxying). The currently created BeanPostProcessor [annotationActionEndpointMapping] is declared through a non-static factory method on that class; consider declaring it as static instead.
2025-10-30T18:41:48.740+08:00  INFO 38897 --- [scorestore] [           main] .w.s.a.s.AnnotationActionEndpointMapping : Supporting [WS-Addressing August 2004, WS-Addressing 1.0]
2025-10-30T18:41:48.948+08:00  INFO 38897 --- [scorestore] [           main] o.hibernate.jpa.internal.util.LogHelper  : HHH000204: Processing PersistenceUnitInfo [name: default]
2025-10-30T18:41:48.977+08:00  INFO 38897 --- [scorestore] [           main] org.hibernate.Version                    : HHH000412: Hibernate ORM core version 6.6.4.Final
2025-10-30T18:41:48.993+08:00  INFO 38897 --- [scorestore] [           main] o.h.c.internal.RegionFactoryInitiator    : HHH000026: Second-level cache disabled
2025-10-30T18:41:49.124+08:00  INFO 38897 --- [scorestore] [           main] o.s.o.j.p.SpringPersistenceUnitInfo      : No LoadTimeWeaver setup: ignoring JPA class transformer
2025-10-30T18:41:49.139+08:00  INFO 38897 --- [scorestore] [           main] com.zaxxer.hikari.HikariDataSource       : HikariPool-1 - Starting...
2025-10-30T18:41:49.340+08:00  INFO 38897 --- [scorestore] [           main] com.zaxxer.hikari.pool.HikariPool        : HikariPool-1 - Added connection com.mysql.cj.jdbc.ConnectionImpl@5305f936
2025-10-30T18:41:49.341+08:00  INFO 38897 --- [scorestore] [           main] com.zaxxer.hikari.HikariDataSource       : HikariPool-1 - Start completed.
2025-10-30T18:41:49.372+08:00  WARN 38897 --- [scorestore] [           main] org.hibernate.orm.deprecation            : HHH90000025: MySQLDialect does not need to be specified explicitly using 'hibernate.dialect' (remove the property setting and it will be selected by default)
2025-10-30T18:41:49.382+08:00  INFO 38897 --- [scorestore] [           main] org.hibernate.orm.connections.pooling    : HHH10001005: Database info:
	Database JDBC URL [Connecting through datasource 'HikariDataSource (HikariPool-1)']
	Database driver: undefined/unknown
	Database version: 9.5
	Autocommit mode: undefined/unknown
	Isolation level: undefined/unknown
	Minimum pool size: undefined/unknown
	Maximum pool size: undefined/unknown
2025-10-30T18:41:49.814+08:00  INFO 38897 --- [scorestore] [           main] o.h.e.t.j.p.i.JtaPlatformInitiator       : HHH000489: No JTA platform available (set 'hibernate.transaction.jta.platform' to enable JTA platform integration)
Hibernate: 
    create table carts (
        cart_id varchar(255) not null,
        score_ids varchar(255),
        user_id varchar(255),
        primary key (cart_id)
    ) engine=InnoDB
Hibernate: 
    create table feedbacks (
        feedback_id varchar(4) not null,
        feedback_detail TEXT not null,
        feedback_status varchar(255) not null,
        feedback_title varchar(255) not null,
        user_id varchar(255) not null,
        primary key (feedback_id)
    ) engine=InnoDB
Hibernate: 
    create table musicscores (
        id varchar(255) not null,
        composer varchar(255),
        emotion varchar(255),
        gender varchar(255),
        genre varchar(255),
        price float(53) not null,
        title varchar(255),
        primary key (id)
    ) engine=InnoDB
Hibernate: 
    create table users (
        id varchar(255) not null,
        email varchar(255),
        owned_score_ids varchar(255),
        password varchar(255),
        role varchar(255),
        username varchar(255),
        primary key (id)
    ) engine=InnoDB
2025-10-30T18:41:49.884+08:00  INFO 38897 --- [scorestore] [           main] j.LocalContainerEntityManagerFactoryBean : Initialized JPA EntityManagerFactory for persistence unit 'default'
2025-10-30T18:41:50.079+08:00  INFO 38897 --- [scorestore] [           main] o.s.d.j.r.query.QueryEnhancerFactory     : Hibernate is in classpath; If applicable, HQL parser will be used.
2025-10-30T18:41:50.538+08:00  WARN 38897 --- [scorestore] [           main] JpaBaseConfiguration$JpaWebConfiguration : spring.jpa.open-in-view is enabled by default. Therefore, database queries may be performed during view rendering. Explicitly configure spring.jpa.open-in-view to disable this warning
2025-10-30T18:41:51.233+08:00  INFO 38897 --- [scorestore] [           main] o.s.b.a.e.web.EndpointLinksResolver      : Exposing 1 endpoint beneath base path '/actuator'
2025-10-30T18:41:51.282+08:00  INFO 38897 --- [scorestore] [           main] c.s.s.ScoreStoreApplicationTests         : Started ScoreStoreApplicationTests in 3.418 seconds (process running for 3.893)
]]></system-out>
    <system-err><![CDATA[Mockito is currently self-attaching to enable the inline-mock-maker. This will no longer work in future releases of the JDK. Please add Mockito as an agent to your build what is described in Mockito's documentation: https://javadoc.io/doc/org.mockito/mockito-core/latest/org/mockito/Mockito.html#0.3
WARNING: A Java agent has been loaded dynamically (/Users/wanamaer/.m2/repository/net/bytebuddy/byte-buddy-agent/1.15.11/byte-buddy-agent-1.15.11.jar)
WARNING: If a serviceability tool is in use, please run with -XX:+EnableDynamicAgentLoading to hide this warning
WARNING: If a serviceability tool is not in use, please run with -Djdk.instrument.traceUsage for more information
WARNING: Dynamic loading of agents will be disallowed by default in a future release
]]></system-err>
  </testcase>
</testsuite>